Traceback (most recent call last):
  File "/opt/hostedtoolcache/Python/3.10.12/x64/lib/python3.10/site-packages/jupyter_cache/executors/utils.py", line 58, in single_nb_execution
    executenb(
  File "/opt/hostedtoolcache/Python/3.10.12/x64/lib/python3.10/site-packages/nbclient/client.py", line 1305, in execute
    return NotebookClient(nb=nb, resources=resources, km=km, **kwargs).execute()
  File "/opt/hostedtoolcache/Python/3.10.12/x64/lib/python3.10/site-packages/jupyter_core/utils/__init__.py", line 166, in wrapped
    return loop.run_until_complete(inner)
  File "/opt/hostedtoolcache/Python/3.10.12/x64/lib/python3.10/asyncio/base_events.py", line 649, in run_until_complete
    return future.result()
  File "/opt/hostedtoolcache/Python/3.10.12/x64/lib/python3.10/site-packages/nbclient/client.py", line 705, in async_execute
    await self.async_execute_cell(
  File "/opt/hostedtoolcache/Python/3.10.12/x64/lib/python3.10/site-packages/nbclient/client.py", line 1058, in async_execute_cell
    await self._check_raise_for_error(cell, cell_index, exec_reply)
  File "/opt/hostedtoolcache/Python/3.10.12/x64/lib/python3.10/site-packages/nbclient/client.py", line 914, in _check_raise_for_error
    raise CellExecutionError.from_cell_and_msg(cell, exec_reply_content)
nbclient.exceptions.CellExecutionError: An error occurred while executing the following cell:
------------------
from mpl_toolkits.mplot3d import Axes3D
fig = plt.figure()
ax = fig.gca(projection="3d")

# parametric curves
N = 100
theta = np.linspace(-4*np.pi, 4*np.pi, N)
z = np.linspace(-2, 2, N)
r = z**2 + 1

x = r*np.sin(theta)
y = r*np.cos(theta)

ax.plot(x,y,z)
------------------


[0;31m---------------------------------------------------------------------------[0m
[0;31mTypeError[0m                                 Traceback (most recent call last)
Cell [0;32mIn[19], line 3[0m
[1;32m      1[0m [38;5;28;01mfrom[39;00m [38;5;21;01mmpl_toolkits[39;00m[38;5;21;01m.[39;00m[38;5;21;01mmplot3d[39;00m [38;5;28;01mimport[39;00m Axes3D
[1;32m      2[0m fig [38;5;241m=[39m plt[38;5;241m.[39mfigure()
[0;32m----> 3[0m ax [38;5;241m=[39m [43mfig[49m[38;5;241;43m.[39;49m[43mgca[49m[43m([49m[43mprojection[49m[38;5;241;43m=[39;49m[38;5;124;43m"[39;49m[38;5;124;43m3d[39;49m[38;5;124;43m"[39;49m[43m)[49m
[1;32m      5[0m [38;5;66;03m# parametric curves[39;00m
[1;32m      6[0m N [38;5;241m=[39m [38;5;241m100[39m

[0;31mTypeError[0m: FigureBase.gca() got an unexpected keyword argument 'projection'

