Traceback (most recent call last):
  File "/opt/hostedtoolcache/Python/3.7.10/x64/lib/python3.7/site-packages/jupyter_cache/executors/utils.py", line 56, in single_nb_execution
    record_timing=False,
  File "/opt/hostedtoolcache/Python/3.7.10/x64/lib/python3.7/site-packages/nbclient/client.py", line 1112, in execute
    return NotebookClient(nb=nb, resources=resources, km=km, **kwargs).execute()
  File "/opt/hostedtoolcache/Python/3.7.10/x64/lib/python3.7/site-packages/nbclient/util.py", line 74, in wrapped
    return just_run(coro(*args, **kwargs))
  File "/opt/hostedtoolcache/Python/3.7.10/x64/lib/python3.7/site-packages/nbclient/util.py", line 53, in just_run
    return loop.run_until_complete(coro)
  File "/opt/hostedtoolcache/Python/3.7.10/x64/lib/python3.7/asyncio/base_events.py", line 587, in run_until_complete
    return future.result()
  File "/opt/hostedtoolcache/Python/3.7.10/x64/lib/python3.7/site-packages/nbclient/client.py", line 554, in async_execute
    cell, index, execution_count=self.code_cells_executed + 1
  File "/opt/hostedtoolcache/Python/3.7.10/x64/lib/python3.7/site-packages/nbclient/client.py", line 857, in async_execute_cell
    self._check_raise_for_error(cell, exec_reply)
  File "/opt/hostedtoolcache/Python/3.7.10/x64/lib/python3.7/site-packages/nbclient/client.py", line 760, in _check_raise_for_error
    raise CellExecutionError.from_cell_and_msg(cell, exec_reply_content)
nbclient.exceptions.CellExecutionError: An error occurred while executing the following cell:
------------------
def to_lonlat(x,y,z):
    SMALL = 1.e-100
    rho = np.sqrt((x + SMALL)**2 + (y + SMALL)**2)
    R = np.sqrt(rho**2 + (z + SMALL)**2)
    
    theta = np.degrees(np.arctan2(rho, z + SMALL))
    phi = np.degrees(np.arctan2(y + SMALL, x + SMALL))
    
    # latitude is 90 - the spherical theta
    return (phi, 90-theta)


from mpl_toolkits.basemap import Basemap

# other projections are allowed, e.g. "ortho", moll"
map = Basemap(projection='moll', lat_0 = 45, lon_0 = 45,
              resolution = 'l', area_thresh = 1000.)

map.drawmapboundary()

map.drawmeridians(np.arange(0, 360, 15), color="0.5", latmax=90)
map.drawparallels(np.arange(-90, 90, 15), color="0.5", latmax=90) #, labels=[1,0,0,1])

# unit vectors (+x, +y, +z)
points = [(1,0,0), (0,1,0), (0,0,1)]
labels = ["+x", "+y", "+z"]

for i in range(len(points)):
    p = points[i]
    print(p)
    lon, lat = to_lonlat(p[0], p[1], p[2])
    xp, yp = map(lon, lat)
    s = plt.text(xp, yp, labels[i], color="b", zorder=10)

# draw a great circle arc between two points
lats = [0, 0]
lons = [0, 90]

map.drawgreatcircle(lons[0], lats[0], lons[1], lats[1], linewidth=2, color="r")


------------------

[0;31m---------------------------------------------------------------------------[0m
[0;31mModuleNotFoundError[0m                       Traceback (most recent call last)
[0;32m<ipython-input-22-91aedb2b7fb4>[0m in [0;36m<module>[0;34m[0m
[1;32m     11[0m [0;34m[0m[0m
[1;32m     12[0m [0;34m[0m[0m
[0;32m---> 13[0;31m [0;32mfrom[0m [0mmpl_toolkits[0m[0;34m.[0m[0mbasemap[0m [0;32mimport[0m [0mBasemap[0m[0;34m[0m[0;34m[0m[0m
[0m[1;32m     14[0m [0;34m[0m[0m
[1;32m     15[0m [0;31m# other projections are allowed, e.g. "ortho", moll"[0m[0;34m[0m[0;34m[0m[0;34m[0m[0m

[0;31mModuleNotFoundError[0m: No module named 'mpl_toolkits.basemap'
ModuleNotFoundError: No module named 'mpl_toolkits.basemap'

